0 info it worked if it ends with ok
1 verbose cli [ '/usr/local/bin/node', '/usr/local/bin/npm', 'run', 'test' ]
2 info using npm@3.3.12
3 info using node@v5.5.0
4 verbose run-script [ 'pretest', 'test', 'posttest' ]
5 info lifecycle evv@0.1.0~pretest: evv@0.1.0
6 silly lifecycle evv@0.1.0~pretest: no script for pretest, continuing
7 info lifecycle evv@0.1.0~test: evv@0.1.0
8 verbose lifecycle evv@0.1.0~test: unsafe-perm in lifecycle true
9 verbose lifecycle evv@0.1.0~test: PATH: /usr/local/lib/node_modules/npm/bin/node-gyp-bin:/home/jparra/Documents/GIT/node_modules/.bin:/usr/local/sbin:/usr/local/bin:/usr/bin:/usr/lib/jvm/default/bin:/usr/bin/site_perl:/usr/bin/vendor_perl:/usr/bin/core_perl
10 verbose lifecycle evv@0.1.0~test: CWD: /home/jparra/Documents/GIT
11 silly lifecycle evv@0.1.0~test: Args: [ '-c', 'NODE_ENV=development && node server.js' ]
12 silly lifecycle evv@0.1.0~test: Returned: code: 1  signal: null
13 info lifecycle evv@0.1.0~test: Failed to exec test script
14 verbose stack Error: evv@0.1.0 test: `NODE_ENV=development && node server.js`
14 verbose stack Exit status 1
14 verbose stack     at EventEmitter.<anonymous> (/usr/local/lib/node_modules/npm/lib/utils/lifecycle.js:232:16)
14 verbose stack     at emitTwo (events.js:100:13)
14 verbose stack     at EventEmitter.emit (events.js:185:7)
14 verbose stack     at ChildProcess.<anonymous> (/usr/local/lib/node_modules/npm/lib/utils/spawn.js:24:14)
14 verbose stack     at emitTwo (events.js:100:13)
14 verbose stack     at ChildProcess.emit (events.js:185:7)
14 verbose stack     at maybeClose (internal/child_process.js:821:16)
14 verbose stack     at Process.ChildProcess._handle.onexit (internal/child_process.js:211:5)
15 verbose pkgid evv@0.1.0
16 verbose cwd /home/jparra/Documents/GIT
17 error Linux 4.4.15-3-MANJARO
18 error argv "/usr/local/bin/node" "/usr/local/bin/npm" "run" "test"
19 error node v5.5.0
20 error npm  v3.3.12
21 error code ELIFECYCLE
22 error evv@0.1.0 test: `NODE_ENV=development && node server.js`
22 error Exit status 1
23 error Failed at the evv@0.1.0 test script 'NODE_ENV=development && node server.js'.
23 error Make sure you have the latest version of node.js and npm installed.
23 error If you do, this is most likely a problem with the evv package,
23 error not with npm itself.
23 error Tell the author that this fails on your system:
23 error     NODE_ENV=development && node server.js
23 error You can get their info via:
23 error     npm owner ls evv
23 error There is likely additional logging output above.
24 verbose exit [ 1, true ]
